<?xml version="1.0" encoding="UTF-8"?>
<testsuite name="SEIIIAssignment1.GetUsernameTest" tests="5" skipped="0" failures="0" errors="0" timestamp="2022-09-28T13:22:55" hostname="DESKTOP-242GJA1" time="0.004">
  <properties/>
  <testcase name="testLecturerGetname" classname="SEIIIAssignment1.GetUsernameTest" time="0.001"/>
  <testcase name="testCourseGetName" classname="SEIIIAssignment1.GetUsernameTest" time="0.0"/>
  <testcase name="testModuleGetName" classname="SEIIIAssignment1.GetUsernameTest" time="0.0"/>
  <testcase name="testStudentGetname1" classname="SEIIIAssignment1.GetUsernameTest" time="0.0"/>
  <testcase name="testStudentGetname2" classname="SEIIIAssignment1.GetUsernameTest" time="0.0"/>
  <system-out><![CDATA[]]></system-out>
  <system-err><![CDATA[]]></system-err>
</testsuite>
